<?xml version="1.0" encoding="UTF-8"?>
<!-- Generated by org.testng.reporters.JUnitXMLReporter -->
<testsuite ignored="1" hostname="SYNPYBRLF1KV2HQ" failures="2" tests="13" name="Test" time="0.137" errors="0" timestamp="2024-10-03T13:26:55 IST">
  <testcase classname="annotations.ParmWithArray" name="testCase1" time="0.011"/>
  <testcase classname="annotations.ParmWithArray" name="testCase1" time="0.002"/>
  <testcase classname="annotations.ParmWithArray" name="testCase1" time="0.001"/>
  <testcase classname="annotations.Annot" name="testCase1" time="0.002"/>
  <testcase classname="annotations.Annot" name="testCase2" time="0.001"/>
  <testcase classname="annotations.Annot" name="testCase3" time="0.001"/>
  <testcase classname="annotations.Order" name="login" time="0.002"/>
  <testcase classname="annotations.Order" name="composemail" time="0.002"/>
  <testcase classname="annotations.Order" name="Deletemail" time="0.001"/>
  <testcase classname="annotations.Hardassert" name="hardAssert" time="0.008">
    <failure type="java.lang.AssertionError" message="expected [10] but found [12]">
      <![CDATA[java.lang.AssertionError: expected [10] but found [12]
at annotations.Hardassert.hardAssert(Hardassert.java:15)
at java.base/java.util.ArrayList.forEach(ArrayList.java:1597)
... Removed 31 stack frames]]>
    </failure>
  </testcase> <!-- hardAssert -->
  <testcase classname="annotations.SoftassertEx" name="sftAssert" time="0.008">
    <failure type="java.lang.AssertionError" message="The following asserts failed:
	comparing number of links expected [10] but found [12],
	comparing two string expected [Bengalooru] but found [Bangalore]">
      <![CDATA[java.lang.AssertionError: The following asserts failed:
comparing number of links expected [10] but found [12],
comparing two string expected [Bengalooru] but found [Bangalore]
at annotations.SoftassertEx.sftAssert(SoftassertEx.java:18)
at java.base/java.util.ArrayList.forEach(ArrayList.java:1597)
... Removed 27 stack frames]]>
    </failure>
  </testcase> <!-- sftAssert -->
  <testcase classname="annotations.Order2" name="login" time="0.001"/>
  <testcase classname="annotations.Order2" name="Deletemail" time="0.002"/>
  <testcase classname="annotations.Order2" name="composemail" time="0.0">
    <ignored/>
  </testcase> <!-- composemail -->
</testsuite> <!-- Test -->
